<?xml version="1.0" encoding="UTF-8"?>
<!-- Generated by org.testng.reporters.JUnitReportReporter -->
<testsuite hostname="Leopard" name="BeehiveTest.TestParameters" tests="2" failures="0" timestamp="21 Jan 2017 16:39:45 GMT" time="0.071" errors="0">
  <testcase name="testCaseOne" time="0.071" classname="BeehiveTest.TestParameters"/>
  <testcase name="testCaseTwo" time="0.000" classname="BeehiveTest.TestParameters"/>
</testsuite> <!-- BeehiveTest.TestParameters -->
